This is pdfTeXk, Version 3.141592-1.40.3 (Web2C 7.5.6) (format=etex 2008.2.4)  8 SEP 2009 10:20
entering extended mode
 file:line:error style messages enabled.
 %&-line parsing enabled.
**"/Users/uho/Vierte Dimension/svn/repos/bigforth/doc/bigforth.texi"
(/Users/uho/Vierte Dimension/svn/repos/bigforth/doc/bigforth.texi
(/usr/local/texlive/2007/texmf-dist/tex/texinfo/texinfo.tex
Loading texinfo [version 2007-01-02.19]:
\bindingoffset=\dimen16
\normaloffset=\dimen17
\pagewidth=\dimen18
\pageheight=\dimen19
\outerhsize=\dimen20
\outervsize=\dimen21
\cornerlong=\dimen22
\cornerthick=\dimen23
\topandbottommargin=\dimen24
\headlinebox=\box16
\footlinebox=\box17
\margin=\insert252
\EMsimple=\toks13
\groupbox=\box18
\groupinvalidhelp=\toks14
\mil=\dimen25
\exdentamount=\skip18
\inmarginspacing=\skip19
 pdf,
\tempnum=\count27
\lnkcount=\count28
\filename=\toks15
\filenamelength=\count29
\pgn=\count30
\toksA=\toks16
\toksB=\toks17
\toksC=\toks18
\toksD=\toks19
\boxA=\box19
\countA=\count31
\nopdfimagehelp=\toks20
 fonts,
\sffam=\fam8
\textleading=\dimen26
\fontdepth=\count32
 page headings,
\titlepagetopglue=\skip20
\titlepagebottomglue=\skip21
\evenheadline=\toks21
\oddheadline=\toks22
\evenfootline=\toks23
\oddfootline=\toks24
 tables,
\tableindent=\dimen27
\itemindent=\dimen28
\itemmargin=\dimen29
\itemmax=\dimen30
\itemno=\count33
\multitableparskip=\skip22
\multitableparindent=\skip23
\multitablecolspace=\dimen31
\multitablelinespace=\skip24
\colcount=\count34
\everytab=\toks25

conditionals,
\doignorecount=\count35
 indexing,
\secondaryindent=\skip25
\partialpage=\box20
\doublecolumnhsize=\dimen32
 sectioning,
\unnumberedno=\count36
\chapno=\count37
\secno=\count38
\subsecno=\count39
\subsubsecno=\count40
\appendixno=\count41
\absseclevel=\count42
\secbase=\count43
\chapheadingskip=\skip26
\secheadingskip=\skip27
\subsecheadingskip=\skip28
 toc,
\tocfile=\write0
\contentsrightmargin=\skip29
\savepageno=\count44
\lastnegativepageno=\count45
\tocindent=\dimen33
 environments,
\errorbox=\box21
\lispnarrowing=\skip30
\envskipamount=\skip31
\circthick=\dimen34
\cartouter=\dimen35
\cartinner=\dimen36
\normbskip=\skip32
\normpskip=\skip33
\normlskip=\skip34
\lskip=\skip35
\rskip=\skip36
\tabw=\dimen37
 defuns,
\defbodyindent=\skip37
\defargsindent=\skip38
\deflastargmargin=\skip39
\parencount=\count46
\brackcount=\count47
 macros,
\paramno=\count48
\macname=\toks26

cross references,
\auxfile=\write1
\savesfregister=\count49
 insertions,
\footnoteno=\count50
\SAVEfootins=\box22
\SAVEmargin=\box23

(/usr/local/texlive/2007/texmf-dist/tex/generic/epsf/epsf.tex
This is `epsf.tex' v2.7.3 <23 July 2005>
\epsffilein=\read1
\epsfframemargin=\dimen38
\epsfframethickness=\dimen39
\epsfrsize=\dimen40
\epsftmp=\dimen41
\epsftsize=\dimen42
\epsfxsize=\dimen43
\epsfysize=\dimen44
\pspoints=\dimen45
)
\noepsfhelp=\toks27
 localization,
\nolanghelp=\toks28
\countUTFx=\count51
\countUTFy=\count52
\countUTFz=\count53
 formatting,
\defaultparindent=\dimen46
 and turning on texinfo input format.)
(./bigforth.aux)
\openout1 = `bigforth.aux'.

@cpindfile=@write2
@fnindfile=@write3
@vrindfile=@write4
@tpindfile=@write5
@kyindfile=@write6
@pgindfile=@write7
 (./version.texi) [1
\openout2 = `bigforth.cp'.

\openout3 = `bigforth.fn'.

\openout4 = `bigforth.vr'.

\openout5 = `bigforth.tp'.

\openout6 = `bigforth.ky'.

\openout7 = `bigforth.pg'.

] Chapter 1
\openout0 = `bigforth.toc'.

 [1] [2] [3] [4] [5] [6]
(GNU GENERAL PUBLIC LICENSE) [7]
Underfull \hbox (badness 2368) in paragraph at lines 605--605
[]@secrm TERMS AND CON-DI-TIONS FOR COPY-ING, 

@hbox(9.87999+2.79999)x433.62, glue set 2.87518
.@hbox(0.0+0.0)x0.0
.@secrm T
.@secrm E
.@secrm R
.@secrm M
.etc.

[8] [9] [10] [11] [12] [13] (./bigforth.toc) [-1] ) 
Here is how much of TeX's memory you used:
 1551 strings out of 97163
 17485 string characters out of 1208366
 49950 words of memory out of 1500000
 2716 multiletter control sequences out of 10000+50000
 32127 words of font info for 112 fonts, out of 1200000 for 2000
 51 hyphenation exceptions out of 8191
 12i,6n,16p,336b,295s stack positions out of 5000i,500n,6000p,200000b,5000s

Output written on bigforth.dvi (15 pages, 51580 bytes).
